日期:     2016/9/27                                 时间:     14:45:00                                  
设备状态:                                             操作状态                                              
供电状况:                                             正常                                                
热风马达:                                             正常                                                
运输马达: 设定速度    正常                                  实际速度                                              
掉板状况:                                             正常                                                
盖子:                                               已关闭                                               
紧急制:                                              已复位                                               
后备电源:                                             已启动                                               
温区名:   Zone 1    设定值    143     实际值     32        温区状态  第一次加热                                       
温区名:   Zone 2    设定值    143     实际值     33        温区状态  第一次加热                                       
温区名:   Zone 3    设定值    156     实际值     31        温区状态  第一次加热                                       
温区名:   Zone 4    设定值    156     实际值     32        温区状态  第一次加热                                       
温区名:   Zone 5    设定值    171     实际值     34        温区状态  第一次加热                                       
温区名:   Zone 6    设定值    171     实际值     34        温区状态  第一次加热                                       
温区名:   Zone 7    设定值    194     实际值     33        温区状态  第一次加热                                       
温区名:   Zone 8    设定值    194     实际值     35        温区状态  第一次加热                                       
温区名:   Zone 9    设定值    191     实际值     34        温区状态  第一次加热                                       
温区名:   Zone 10   设定值    191     实际值     35        温区状态  第一次加热                                       
温区名:   Zone 11   设定值    194     实际值     33        温区状态  第一次加热                                       
温区名:   Zone 12   设定值    194     实际值     35        温区状态  第一次加热                                       
温区名:   Zone 13   设定值    187     实际值     34        温区状态  第一次加热                                       
温区名:   Zone 14   设定值    187     实际值     34        温区状态  第一次加热                                       
温区名:   Zone 15   设定值    196     实际值     33        温区状态  第一次加热                                       
温区名:   Zone 16   设定值    196     实际值     35        温区状态  第一次加热                                       
温区名:   Zone 17   设定值    246     实际值     35        温区状态  第一次加热                                       
温区名:   Zone 18   设定值    246     实际值     34        温区状态  第一次加热                                       
温区名:   Zone 19   设定值    258     实际值     33        温区状态  第一次加热                                       
温区名:   Zone 20   设定值    258     实际值     35        温区状态  第一次加热                                       
温区名:   Zone 21   设定值    150     实际值     34        温区状态  第一次加热                                       
温区名:   Zone 22   设定值    150     实际值     35        温区状态  第一次加热                                       
温区名:   Zone 23   设定值    150     实际值     34        温区状态  第一次加热                                       
温区名:   Zone 24   设定值    150     实际值     35        温区状态  第一次加热                                       
日期:     2016/9/27                                 时间:     14:51:00                                  
设备状态:                                             操作状态                                              
供电状况:                                             正常                                                
热风马达:                                             正常                                                
运输马达: 设定速度    正常                                  实际速度                                              
掉板状况:                                             正常                                                
盖子:                                               已关闭                                               
紧急制:                                              已复位                                               
后备电源:                                             已启动                                               
温区名:   Zone 1    设定值    143     实际值     33        温区状态  第一次加热                                       
温区名:   Zone 2    设定值    143     实际值     33        温区状态  第一次加热                                       
温区名:   Zone 3    设定值    156     实际值     31        温区状态  第一次加热                                       
温区名:   Zone 4    设定值    156     实际值     31        温区状态  第一次加热                                       
温区名:   Zone 5    设定值    171     实际值     34        温区状态  第一次加热                                       
温区名:   Zone 6    设定值    171     实际值     34        温区状态  第一次加热                                       
温区名:   Zone 7    设定值    194     实际值     33        温区状态  第一次加热                                       
温区名:   Zone 8    设定值    194     实际值     34        温区状态  第一次加热                                       
温区名:   Zone 9    设定值    191     实际值     34        温区状态  第一次加热                                       
温区名:   Zone 10   设定值    191     实际值     34        温区状态  第一次加热                                       
温区名:   Zone 11   设定值    194     实际值     33        温区状态  第一次加热                                       
温区名:   Zone 12   设定值    194     实际值     34        温区状态  第一次加热                                       
温区名:   Zone 13   设定值    187     实际值     33        温区状态  第一次加热                                       
温区名:   Zone 14   设定值    187     实际值     33        温区状态  第一次加热                                       
温区名:   Zone 15   设定值    196     实际值     33        温区状态  第一次加热                                       
温区名:   Zone 16   设定值    196     实际值     34        温区状态  第一次加热                                       
温区名:   Zone 17   设定值    246     实际值     34        温区状态  第一次加热                                       
温区名:   Zone 18   设定值    246     实际值     34        温区状态  第一次加热                                       
温区名:   Zone 19   设定值    258     实际值     33        温区状态  第一次加热                                       
温区名:   Zone 20   设定值    258     实际值     34        温区状态  第一次加热                                       
温区名:   Zone 21   设定值    150     实际值     34        温区状态  第一次加热                                       
温区名:   Zone 22   设定值    150     实际值     34        温区状态  第一次加热                                       
温区名:   Zone 23   设定值    150     实际值     33        温区状态  第一次加热                                       
温区名:   Zone 24   设定值    150     实际值     34        温区状态  第一次加热                                       
日期:     2016/9/27                                 时间:     14:52:01                                  
设备状态:                                             操作状态                                              
供电状况:                                             正常                                                
热风马达:                                             正常                                                
运输马达: 设定速度    正常                                  实际速度                                              
掉板状况:                                             正常                                                
盖子:                                               已关闭                                               
紧急制:                                              已复位                                               
后备电源:                                             已启动                                               
温区名:   Zone 1    设定值    143     实际值     33        温区状态  第一次加热                                       
温区名:   Zone 2    设定值    143     实际值     33        温区状态  第一次加热                                       
温区名:   Zone 3    设定值    156     实际值     31        温区状态  第一次加热                                       
温区名:   Zone 4    设定值    156     实际值     31        温区状态  第一次加热                                       
温区名:   Zone 5    设定值    171     实际值     33        温区状态  第一次加热                                       
温区名:   Zone 6    设定值    171     实际值     33        温区状态  第一次加热                                       
温区名:   Zone 7    设定值    194     实际值     33        温区状态  第一次加热                                       
温区名:   Zone 8    设定值    194     实际值     34        温区状态  第一次加热                                       
温区名:   Zone 9    设定值    191     实际值     34        温区状态  第一次加热                                       
温区名:   Zone 10   设定值    191     实际值     34        温区状态  第一次加热                                       
温区名:   Zone 11   设定值    194     实际值     34        温区状态  第一次加热                                       
温区名:   Zone 12   设定值    194     实际值     34        温区状态  第一次加热                                       
温区名:   Zone 13   设定值    187     实际值     34        温区状态  第一次加热                                       
温区名:   Zone 14   设定值    187     实际值     33        温区状态  第一次加热                                       
温区名:   Zone 15   设定值    196     实际值     33        温区状态  第一次加热                                       
温区名:   Zone 16   设定值    196     实际值     34        温区状态  第一次加热                                       
温区名:   Zone 17   设定值    246     实际值     34        温区状态  第一次加热                                       
温区名:   Zone 18   设定值    246     实际值     34        温区状态  第一次加热                                       
温区名:   Zone 19   设定值    258     实际值     33        温区状态  第一次加热                                       
温区名:   Zone 20   设定值    258     实际值     34        温区状态  第一次加热                                       
温区名:   Zone 21   设定值    150     实际值     34        温区状态  第一次加热                                       
温区名:   Zone 22   设定值    150     实际值     34        温区状态  第一次加热                                       
温区名:   Zone 23   设定值    150     实际值     33        温区状态  第一次加热                                       
温区名:   Zone 24   设定值    150     实际值     34        温区状态  第一次加热                                       
日期:     2016/9/27                                 时间:     14:53:00                                  
设备状态:                                             操作状态                                              
供电状况:                                             正常                                                
热风马达:                                             正常                                                
运输马达: 设定速度    正常                                  实际速度                                              
掉板状况:                                             正常                                                
盖子:                                               已关闭                                               
紧急制:                                              已复位                                               
后备电源:                                             已启动                                               
温区名:   Zone 1    设定值    143     实际值     33        温区状态  第一次加热                                       
温区名:   Zone 2    设定值    143     实际值     33        温区状态  第一次加热                                       
温区名:   Zone 3    设定值    156     实际值     31        温区状态  第一次加热                                       
温区名:   Zone 4    设定值    156     实际值     31        温区状态  第一次加热                                       
温区名:   Zone 5    设定值    171     实际值     34        温区状态  第一次加热                                       
温区名:   Zone 6    设定值    171     实际值     33        温区状态  第一次加热                                       
温区名:   Zone 7    设定值    194     实际值     33        温区状态  第一次加热                                       
温区名:   Zone 8    设定值    194     实际值     34        温区状态  第一次加热                                       
温区名:   Zone 9    设定值    191     实际值     34        温区状态  第一次加热                                       
温区名:   Zone 10   设定值    191     实际值     34        温区状态  第一次加热                                       
温区名:   Zone 11   设定值    194     实际值     34        温区状态  第一次加热                                       
温区名:   Zone 12   设定值    194     实际值     34        温区状态  第一次加热                                       
温区名:   Zone 13   设定值    187     实际值     34        温区状态  第一次加热                                       
温区名:   Zone 14   设定值    187     实际值     33        温区状态  第一次加热                                       
温区名:   Zone 15   设定值    196     实际值     33        温区状态  第一次加热                                       
温区名:   Zone 16   设定值    196     实际值     34        温区状态  第一次加热                                       
温区名:   Zone 17   设定值    246     实际值     34        温区状态  第一次加热                                       
温区名:   Zone 18   设定值    246     实际值     34        温区状态  第一次加热                                       
温区名:   Zone 19   设定值    258     实际值     33        温区状态  第一次加热                                       
温区名:   Zone 20   设定值    258     实际值     34        温区状态  第一次加热                                       
温区名:   Zone 21   设定值    150     实际值     34        温区状态  第一次加热                                       
温区名:   Zone 22   设定值    150     实际值     34        温区状态  第一次加热                                       
温区名:   Zone 23   设定值    150     实际值     33        温区状态  第一次加热                                       
温区名:   Zone 24   设定值    150     实际值     33        温区状态  第一次加热                                       
日期:     2016/9/27                                 时间:     14:54:00                                  
设备状态:                                             操作状态                                              
供电状况:                                             正常                                                
热风马达:                                             正常                                                
运输马达: 设定速度    正常                                  实际速度                                              
掉板状况:                                             正常                                                
盖子:                                               已关闭                                               
紧急制:                                              已复位                                               
后备电源:                                             已启动                                               
温区名:   Zone 1    设定值    143     实际值     33        温区状态  第一次加热                                       
温区名:   Zone 2    设定值    143     实际值     33        温区状态  第一次加热                                       
温区名:   Zone 3    设定值    156     实际值     32        温区状态  第一次加热                                       
温区名:   Zone 4    设定值    156     实际值     31        温区状态  第一次加热                                       
温区名:   Zone 5    设定值    171     实际值     34        温区状态  第一次加热                                       
温区名:   Zone 6    设定值    171     实际值     34        温区状态  第一次加热                                       
温区名:   Zone 7    设定值    194     实际值     33        温区状态  第一次加热                                       
温区名:   Zone 8    设定值    194     实际值     34        温区状态  第一次加热                                       
温区名:   Zone 9    设定值    191     实际值     34        温区状态  第一次加热                                       
温区名:   Zone 10   设定值    191     实际值     34        温区状态  第一次加热                                       
温区名:   Zone 11   设定值    194     实际值     34        温区状态  第一次加热                                       
温区名:   Zone 12   设定值    194     实际值     34        温区状态  第一次加热                                       
温区名:   Zone 13   设定值    187     实际值     34        温区状态  第一次加热                                       
温区名:   Zone 14   设定值    187     实际值     33        温区状态  第一次加热                                       
温区名:   Zone 15   设定值    196     实际值     33        温区状态  第一次加热                                       
温区名:   Zone 16   设定值    196     实际值     34        温区状态  第一次加热                                       
温区名:   Zone 17   设定值    246     实际值     34        温区状态  第一次加热                                       
温区名:   Zone 18   设定值    246     实际值     34        温区状态  第一次加热                                       
温区名:   Zone 19   设定值    258     实际值     34        温区状态  第一次加热                                       
温区名:   Zone 20   设定值    258     实际值     34        温区状态  第一次加热                                       
温区名:   Zone 21   设定值    150     实际值     34        温区状态  第一次加热                                       
温区名:   Zone 22   设定值    150     实际值     34        温区状态  第一次加热                                       
温区名:   Zone 23   设定值    150     实际值     34        温区状态  第一次加热                                       
温区名:   Zone 24   设定值    150     实际值     34        温区状态  第一次加热                                       
日期:     2016/9/27                                 时间:     14:55:00                                  
设备状态:                                             操作状态                                              
供电状况:                                             正常                                                
热风马达:                                             正常                                                
运输马达: 设定速度    正常                                  实际速度                                              
掉板状况:                                             正常                                                
盖子:                                               已关闭                                               
紧急制:                                              已复位                                               
后备电源:                                             已启动                                               
温区名:   Zone 1    设定值    143     实际值     33        温区状态  第一次加热                                       
温区名:   Zone 2    设定值    143     实际值     33        温区状态  第一次加热                                       
温区名:   Zone 3    设定值    156     实际值     32        温区状态  第一次加热                                       
温区名:   Zone 4    设定值    156     实际值     31        温区状态  第一次加热                                       
温区名:   Zone 5    设定值    171     实际值     34        温区状态  第一次加热                                       
温区名:   Zone 6    设定值    171     实际值     33        温区状态  第一次加热                                       
温区名:   Zone 7    设定值    194     实际值     33        温区状态  第一次加热                                       
温区名:   Zone 8    设定值    194     实际值     34        温区状态  第一次加热                                       
温区名:   Zone 9    设定值    191     实际值     34        温区状态  第一次加热                                       
温区名:   Zone 10   设定值    191     实际值     34        温区状态  第一次加热                                       
温区名:   Zone 11   设定值    194     实际值     34        温区状态  第一次加热                                       
温区名:   Zone 12   设定值    194     实际值     34        温区状态  第一次加热                                       
温区名:   Zone 13   设定值    187     实际值     34        温区状态  第一次加热                                       
温区名:   Zone 14   设定值    187     实际值     33        温区状态  第一次加热                                       
温区名:   Zone 15   设定值    196     实际值     33        温区状态  第一次加热                                       
温区名:   Zone 16   设定值    196     实际值     34        温区状态  第一次加热                                       
温区名:   Zone 17   设定值    246     实际值     34        温区状态  第一次加热                                       
温区名:   Zone 18   设定值    246     实际值     34        温区状态  第一次加热                                       
温区名:   Zone 19   设定值    258     实际值     33        温区状态  第一次加热                                       
温区名:   Zone 20   设定值    258     实际值     34        温区状态  第一次加热                                       
温区名:   Zone 21   设定值    150     实际值     34        温区状态  第一次加热                                       
温区名:   Zone 22   设定值    150     实际值     34        温区状态  第一次加热                                       
温区名:   Zone 23   设定值    150     实际值     33        温区状态  第一次加热                                       
温区名:   Zone 24   设定值    150     实际值     33        温区状态  第一次加热                                       
日期:     2016/9/27                                 时间:     14:56:00                                  
设备状态:                                             操作状态                                              
供电状况:                                             正常                                                
热风马达:                                             正常                                                
运输马达: 设定速度    正常                                  实际速度                                              
掉板状况:                                             正常                                                
盖子:                                               已关闭                                               
紧急制:                                              已复位                                               
后备电源:                                             已启动                                               
温区名:   Zone 1    设定值    143     实际值     33        温区状态  第一次加热                                       
温区名:   Zone 2    设定值    143     实际值     33        温区状态  第一次加热                                       
温区名:   Zone 3    设定值    156     实际值     32        温区状态  第一次加热                                       
温区名:   Zone 4    设定值    156     实际值     31        温区状态  第一次加热                                       
温区名:   Zone 5    设定值    171     实际值     34        温区状态  第一次加热                                       
温区名:   Zone 6    设定值    171     实际值     33        温区状态  第一次加热                                       
温区名:   Zone 7    设定值    194     实际值     33        温区状态  第一次加热                                       
温区名:   Zone 8    设定值    194     实际值     34        温区状态  第一次加热                                       
温区名:   Zone 9    设定值    191     实际值     34        温区状态  第一次加热                                       
温区名:   Zone 10   设定值    191     实际值     34        温区状态  第一次加热                                       
温区名:   Zone 11   设定值    194     实际值     34        温区状态  第一次加热                                       
温区名:   Zone 12   设定值    194     实际值     34        温区状态  第一次加热                                       
温区名:   Zone 13   设定值    187     实际值     34        温区状态  第一次加热                                       
温区名:   Zone 14   设定值    187     实际值     33        温区状态  第一次加热                                       
温区名:   Zone 15   设定值    196     实际值     33        温区状态  第一次加热                                       
温区名:   Zone 16   设定值    196     实际值     33        温区状态  第一次加热                                       
温区名:   Zone 17   设定值    246     实际值     34        温区状态  第一次加热                                       
温区名:   Zone 18   设定值    246     实际值     34        温区状态  第一次加热                                       
温区名:   Zone 19   设定值    258     实际值     34        温区状态  第一次加热                                       
温区名:   Zone 20   设定值    258     实际值     34        温区状态  第一次加热                                       
温区名:   Zone 21   设定值    150     实际值     34        温区状态  第一次加热                                       
温区名:   Zone 22   设定值    150     实际值     34        温区状态  第一次加热                                       
温区名:   Zone 23   设定值    150     实际值     33        温区状态  第一次加热                                       
温区名:   Zone 24   设定值    150     实际值     33        温区状态  第一次加热                                       
日期:     2016/9/27                                 时间:     14:58:00                                  
设备状态:                                             操作状态                                              
供电状况:                                             正常                                                
热风马达:                                             正常                                                
运输马达: 设定速度    正常                                  实际速度                                              
掉板状况:                                             正常                                                
盖子:                                               已关闭                                               
紧急制:                                              已复位                                               
后备电源:                                             已启动                                               
温区名:   Zone 1    设定值    143     实际值     33        温区状态  第一次加热                                       
温区名:   Zone 2    设定值    143     实际值     33        温区状态  第一次加热                                       
温区名:   Zone 3    设定值    156     实际值     32        温区状态  第一次加热                                       
温区名:   Zone 4    设定值    156     实际值     31        温区状态  第一次加热                                       
温区名:   Zone 5    设定值    171     实际值     34        温区状态  第一次加热                                       
温区名:   Zone 6    设定值    171     实际值     33        温区状态  第一次加热                                       
温区名:   Zone 7    设定值    194     实际值     33        温区状态  第一次加热                                       
温区名:   Zone 8    设定值    194     实际值     34        温区状态  第一次加热                                       
温区名:   Zone 9    设定值    191     实际值     34        温区状态  第一次加热                                       
温区名:   Zone 10   设定值    191     实际值     34        温区状态  第一次加热                                       
温区名:   Zone 11   设定值    194     实际值     34        温区状态  第一次加热                                       
温区名:   Zone 12   设定值    194     实际值     34        温区状态  第一次加热                                       
温区名:   Zone 13   设定值    187     实际值     34        温区状态  第一次加热                                       
温区名:   Zone 14   设定值    187     实际值     33        温区状态  第一次加热                                       
温区名:   Zone 15   设定值    196     实际值     34        温区状态  第一次加热                                       
温区名:   Zone 16   设定值    196     实际值     34        温区状态  第一次加热                                       
温区名:   Zone 17   设定值    246     实际值     34        温区状态  第一次加热                                       
温区名:   Zone 18   设定值    246     实际值     34        温区状态  第一次加热                                       
温区名:   Zone 19   设定值    258     实际值     34        温区状态  第一次加热                                       
温区名:   Zone 20   设定值    258     实际值     34        温区状态  第一次加热                                       
温区名:   Zone 21   设定值    150     实际值     34        温区状态  第一次加热                                       
温区名:   Zone 22   设定值    150     实际值     34        温区状态  第一次加热                                       
温区名:   Zone 23   设定值    150     实际值     34        温区状态  第一次加热                                       
温区名:   Zone 24   设定值    150     实际值     33        温区状态  第一次加热                                       
日期:     2016/9/27                                 时间:     14:59:01                                  
设备状态:                                             操作状态                                              
供电状况:                                             正常                                                
热风马达:                                             正常                                                
运输马达: 设定速度    正常                                  实际速度                                              
掉板状况:                                             正常                                                
盖子:                                               已关闭                                               
紧急制:                                              已复位                                               
后备电源:                                             已启动                                               
温区名:   Zone 1    设定值    143     实际值     33        温区状态  第一次加热                                       
温区名:   Zone 2    设定值    143     实际值     33        温区状态  第一次加热                                       
温区名:   Zone 3    设定值    156     实际值     32        温区状态  第一次加热                                       
温区名:   Zone 4    设定值    156     实际值     31        温区状态  第一次加热                                       
温区名:   Zone 5    设定值    171     实际值     34        温区状态  第一次加热                                       
温区名:   Zone 6    设定值    171     实际值     34        温区状态  第一次加热                                       
温区名:   Zone 7    设定值    194     实际值     34        温区状态  第一次加热                                       
温区名:   Zone 8    设定值    194     实际值     34        温区状态  第一次加热                                       
温区名:   Zone 9    设定值    191     实际值     34        温区状态  第一次加热                                       
温区名:   Zone 10   设定值    191     实际值     34        温区状态  第一次加热                                       
温区名:   Zone 11   设定值    194     实际值     35        温区状态  第一次加热                                       
温区名:   Zone 12   设定值    194     实际值     34        温区状态  第一次加热                                       
温区名:   Zone 13   设定值    187     实际值     34        温区状态  第一次加热                                       
温区名:   Zone 14   设定值    187     实际值     33        温区状态  第一次加热                                       
温区名:   Zone 15   设定值    196     实际值     34        温区状态  第一次加热                                       
温区名:   Zone 16   设定值    196     实际值     34        温区状态  第一次加热                                       
温区名:   Zone 17   设定值    246     实际值     34        温区状态  第一次加热                                       
温区名:   Zone 18   设定值    246     实际值     34        温区状态  第一次加热                                       
温区名:   Zone 19   设定值    258     实际值     34        温区状态  第一次加热                                       
温区名:   Zone 20   设定值    258     实际值     34        温区状态  第一次加热                                       
温区名:   Zone 21   设定值    150     实际值     34        温区状态  第一次加热                                       
温区名:   Zone 22   设定值    150     实际值     34        温区状态  第一次加热                                       
温区名:   Zone 23   设定值    150     实际值     34        温区状态  第一次加热                                       
温区名:   Zone 24   设定值    150     实际值     34        温区状态  第一次加热                                       
日期:     2016/9/27                                 时间:     15:00:00                                  
设备状态:                                             操作状态                                              
供电状况:                                             正常                                                
热风马达:                                             正常                                                
运输马达: 设定速度    正常                                  实际速度                                              
掉板状况:                                             正常                                                
盖子:                                               已关闭                                               
紧急制:                                              已复位                                               
后备电源:                                             已启动                                               
温区名:   Zone 1    设定值    143     实际值     33        温区状态  第一次加热                                       
温区名:   Zone 2    设定值    143     实际值     33        温区状态  第一次加热                                       
温区名:   Zone 3    设定值    156     实际值     32        温区状态  第一次加热                                       
温区名:   Zone 4    设定值    156     实际值     31        温区状态  第一次加热                                       
温区名:   Zone 5    设定值    171     实际值     34        温区状态  第一次加热                                       
温区名:   Zone 6    设定值    171     实际值     34        温区状态  第一次加热                                       
温区名:   Zone 7    设定值    194     实际值     34        温区状态  第一次加热                                       
温区名:   Zone 8    设定值    194     实际值     34        温区状态  第一次加热                                       
温区名:   Zone 9    设定值    191     实际值     34        温区状态  第一次加热                                       
温区名:   Zone 10   设定值    191     实际值     34        温区状态  第一次加热                                       
温区名:   Zone 11   设定值    194     实际值     34        温区状态  第一次加热                                       
温区名:   Zone 12   设定值    194     实际值     34        温区状态  第一次加热                                       
温区名:   Zone 13   设定值    187     实际值     34        温区状态  第一次加热                                       
温区名:   Zone 14   设定值    187     实际值     33        温区状态  第一次加热                                       
温区名:   Zone 15   设定值    196     实际值     34        温区状态  第一次加热                                       
温区名:   Zone 16   设定值    196     实际值     34        温区状态  第一次加热                                       
温区名:   Zone 17   设定值    246     实际值     34        温区状态  第一次加热                                       
温区名:   Zone 18   设定值    246     实际值     34        温区状态  第一次加热                                       
温区名:   Zone 19   设定值    258     实际值     34        温区状态  第一次加热                                       
温区名:   Zone 20   设定值    258     实际值     34        温区状态  第一次加热                                       
温区名:   Zone 21   设定值    150     实际值     34        温区状态  第一次加热                                       
温区名:   Zone 22   设定值    150     实际值     34        温区状态  第一次加热                                       
温区名:   Zone 23   设定值    150     实际值     34        温区状态  第一次加热                                       
温区名:   Zone 24   设定值    150     实际值     34        温区状态  第一次加热                                       
日期:     2016/9/27                                 时间:     15:25:00                                  
设备状态:                                             操作状态                                              
供电状况:                                             正常                                                
热风马达:                                             正常                                                
运输马达: 设定速度    正常                                  实际速度                                              
掉板状况:                                             正常                                                
盖子:                                               已关闭                                               
紧急制:                                              已复位                                               
后备电源:                                             已启动                                               
温区名:   Zone 1    设定值    143     实际值     34        温区状态  第一次加热                                       
温区名:   Zone 2    设定值    143     实际值     34        温区状态  第一次加热                                       
温区名:   Zone 3    设定值    156     实际值     32        温区状态  第一次加热                                       
温区名:   Zone 4    设定值    156     实际值     31        温区状态  第一次加热                                       
温区名:   Zone 5    设定值    171     实际值     35        温区状态  第一次加热                                       
温区名:   Zone 6    设定值    171     实际值     34        温区状态  第一次加热                                       
温区名:   Zone 7    设定值    194     实际值     34        温区状态  第一次加热                                       
温区名:   Zone 8    设定值    194     实际值     35        温区状态  第一次加热                                       
温区名:   Zone 9    设定值    191     实际值     35        温区状态  第一次加热                                       
温区名:   Zone 10   设定值    191     实际值     35        温区状态  第一次加热                                       
温区名:   Zone 11   设定值    194     实际值     35        温区状态  第一次加热                                       
温区名:   Zone 12   设定值    194     实际值     35        温区状态  第一次加热                                       
温区名:   Zone 13   设定值    187     实际值     35        温区状态  第一次加热                                       
温区名:   Zone 14   设定值    187     实际值     34        温区状态  第一次加热                                       
温区名:   Zone 15   设定值    196     实际值     35        温区状态  第一次加热                                       
温区名:   Zone 16   设定值    196     实际值     35        温区状态  第一次加热                                       
温区名:   Zone 17   设定值    246     实际值     35        温区状态  第一次加热                                       
温区名:   Zone 18   设定值    246     实际值     35        温区状态  第一次加热                                       
温区名:   Zone 19   设定值    258     实际值     35        温区状态  第一次加热                                       
温区名:   Zone 20   设定值    258     实际值     35        温区状态  第一次加热                                       
温区名:   Zone 21   设定值    150     实际值     35        温区状态  第一次加热                                       
温区名:   Zone 22   设定值    150     实际值     34        温区状态  第一次加热                                       
温区名:   Zone 23   设定值    150     实际值     35        温区状态  第一次加热                                       
温区名:   Zone 24   设定值    150     实际值     34        温区状态  第一次加热                                       
日期:     2016/9/27                                 时间:     15:26:01                                  
设备状态:                                             操作状态                                              
供电状况:                                             正常                                                
热风马达:                                             正常                                                
运输马达: 设定速度    正常                                  实际速度                                              
掉板状况:                                             正常                                                
盖子:                                               已关闭                                               
紧急制:                                              已复位                                               
后备电源:                                             已启动                                               
温区名:   Zone 1    设定值    143     实际值     34        温区状态  第一次加热                                       
温区名:   Zone 2    设定值    143     实际值     34        温区状态  第一次加热                                       
温区名:   Zone 3    设定值    156     实际值     32        温区状态  第一次加热                                       
温区名:   Zone 4    设定值    156     实际值     31        温区状态  第一次加热                                       
温区名:   Zone 5    设定值    171     实际值     35        温区状态  第一次加热                                       
温区名:   Zone 6    设定值    171     实际值     34        温区状态  第一次加热                                       
温区名:   Zone 7    设定值    194     实际值     34        温区状态  第一次加热                                       
温区名:   Zone 8    设定值    194     实际值     35        温区状态  第一次加热                                       
温区名:   Zone 9    设定值    191     实际值     35        温区状态  第一次加热                                       
温区名:   Zone 10   设定值    191     实际值     35        温区状态  第一次加热                                       
温区名:   Zone 11   设定值    194     实际值     35        温区状态  第一次加热                                       
温区名:   Zone 12   设定值    194     实际值     35        温区状态  第一次加热                                       
温区名:   Zone 13   设定值    187     实际值     35        温区状态  第一次加热                                       
温区名:   Zone 14   设定值    187     实际值     34        温区状态  第一次加热                                       
温区名:   Zone 15   设定值    196     实际值     34        温区状态  第一次加热                                       
温区名:   Zone 16   设定值    196     实际值     34        温区状态  第一次加热                                       
温区名:   Zone 17   设定值    246     实际值     35        温区状态  第一次加热                                       
温区名:   Zone 18   设定值    246     实际值     34        温区状态  第一次加热                                       
温区名:   Zone 19   设定值    258     实际值     35        温区状态  第一次加热                                       
温区名:   Zone 20   设定值    258     实际值     35        温区状态  第一次加热                                       
温区名:   Zone 21   设定值    150     实际值     35        温区状态  第一次加热                                       
温区名:   Zone 22   设定值    150     实际值     34        温区状态  第一次加热                                       
温区名:   Zone 23   设定值    150     实际值     34        温区状态  第一次加热                                       
温区名:   Zone 24   设定值    150     实际值     34        温区状态  第一次加热                                       
日期:     2016/9/27                                 时间:     21:12:00                                  
设备状态:                                             操作状态                                              
供电状况:                                             正常                                                
热风马达:                                             正常                                                
运输马达: 设定速度    正常                                  实际速度                                              
掉板状况:                                             正常                                                
盖子:                                               已关闭                                               
紧急制:                                              已复位                                               
后备电源:                                             已启动                                               
温区名:   Zone 1    设定值    143     实际值     0         温区状态  第一次加热                                       
温区名:   Zone 2    设定值    143     实际值     0         温区状态  第一次加热                                       
温区名:   Zone 3    设定值    156     实际值     0         温区状态  第一次加热                                       
温区名:   Zone 4    设定值    156     实际值     0         温区状态  第一次加热                                       
温区名:   Zone 5    设定值    171     实际值     0         温区状态  第一次加热                                       
温区名:   Zone 6    设定值    171     实际值     0         温区状态  第一次加热                                       
温区名:   Zone 7    设定值    194     实际值     0         温区状态  第一次加热                                       
温区名:   Zone 8    设定值    194     实际值     0         温区状态  第一次加热                                       
温区名:   Zone 9    设定值    191     实际值     0         温区状态  第一次加热                                       
温区名:   Zone 10   设定值    191     实际值     0         温区状态  第一次加热                                       
温区名:   Zone 11   设定值    194     实际值     0         温区状态  第一次加热                                       
温区名:   Zone 12   设定值    194     实际值     0         温区状态  第一次加热                                       
温区名:   Zone 13   设定值    187     实际值     0         温区状态  第一次加热                                       
温区名:   Zone 14   设定值    187     实际值     0         温区状态  第一次加热                                       
温区名:   Zone 15   设定值    196     实际值     0         温区状态  第一次加热                                       
温区名:   Zone 16   设定值    196     实际值     0         温区状态  第一次加热                                       
温区名:   Zone 17   设定值    246     实际值     0         温区状态  第一次加热                                       
温区名:   Zone 18   设定值    246     实际值     0         温区状态  第一次加热                                       
温区名:   Zone 19   设定值    258     实际值     0         温区状态  第一次加热                                       
温区名:   Zone 20   设定值    258     实际值     0         温区状态  第一次加热                                       
温区名:   Zone 21   设定值    150     实际值     0         温区状态  第一次加热                                       
温区名:   Zone 22   设定值    150     实际值     0         温区状态  第一次加热                                       
温区名:   Zone 23   设定值    150     实际值     0         温区状态  第一次加热                                       
温区名:   Zone 24   设定值    150     实际值     0         温区状态  第一次加热                                       
